<?xml version="1.0" encoding="UTF-8"?>
<!-- Generated by org.testng.reporters.JUnitReportReporter -->
<testsuite skipped="1" hostname="DESKTOP-CS3MQJD" name="testScripts.TestScript" tests="3" failures="0" timestamp="2022-06-13T15:26:06 IST" time="0.254" errors="0">
  <testcase name="hardassertPage_By" time="0.219" classname="testScripts.TestScript"/>
  <system-out/>
  <testcase name="softassertPage" time="0.035" classname="testScripts.TestScript"/>
  <system-out/>
  <testcase name="assertPage" classname="testScripts.TestScript">
    <skipped/>
  </testcase> <!-- assertPage -->
  <system-out/>
</testsuite> <!-- testScripts.TestScript -->
