<?xml version="1.0" encoding="UTF-8"?>
<!-- Generated by org.testng.reporters.JUnitReportReporter -->
<testsuite hostname="DESKTOP-CS3MQJD" failures="0" tests="4" name="TestScript" time="1.447" errors="0" timestamp="2022-05-31T19:20:07 IST" skipped="1">
  <testcase classname="TestScript" name="launchBrowser" time="1.254"/>
  <system-out/>
  <testcase classname="TestScript" name="hardassertPage_By" time="0.164"/>
  <system-out/>
  <testcase classname="TestScript" name="softassertPage" time="0.029"/>
  <system-out/>
  <testcase classname="TestScript" name="assertPage">
    <skipped/>
  </testcase> <!-- assertPage -->
  <system-out/>
</testsuite> <!-- TestScript -->
