<?xml version="1.0" encoding="UTF-8"?>
<!-- Generated by org.testng.reporters.JUnitReportReporter -->
<testsuite skipped="1" hostname="DESKTOP-CS3MQJD" name="testScripts.TestScript2" tests="3" failures="0" timestamp="2022-06-14T01:52:39 IST" time="0.209" errors="0">
  <testcase name="hardassertPage_By" time="0.174" classname="testScripts.TestScript2"/>
  <system-out/>
  <testcase name="softassertPage" time="0.035" classname="testScripts.TestScript2"/>
  <system-out/>
  <testcase name="assertPage" classname="testScripts.TestScript2">
    <skipped/>
  </testcase> <!-- assertPage -->
  <system-out/>
</testsuite> <!-- testScripts.TestScript2 -->
